1509056500.311264 client started (97189): version 2.6, socket /private/tmp/tmux-447793/default, protocol 8
1509056500.311304 on Darwin 16.7.0 Darwin Kernel Version 16.7.0: Thu Jun 15 17:36:27 PDT 2017; root:xnu-3789.70.16~2/RELEASE_X86_64; libevent 2.1.8-stable (select)
1509056500.311354 socket is /private/tmp/tmux-447793/default
1509056500.311373 trying connect
1509056500.311525 add peer 0x7fb2d7001000: 6 (0x0)
1509056500.314136 sending message 100 to peer 0x7fb2d7001000 (4 bytes)
1509056500.314154 sending message 101 to peer 0x7fb2d7001000 (7 bytes)
1509056500.314159 sending message 102 to peer 0x7fb2d7001000 (13 bytes)
1509056500.314163 sending message 108 to peer 0x7fb2d7001000 (36 bytes)
1509056500.314174 sending message 104 to peer 0x7fb2d7001000 (0 bytes)
1509056500.314178 sending message 107 to peer 0x7fb2d7001000 (4 bytes)
1509056500.314182 sending message 105 to peer 0x7fb2d7001000 (23 bytes)
1509056500.314186 sending message 105 to peer 0x7fb2d7001000 (12 bytes)
1509056500.314190 sending message 105 to peer 0x7fb2d7001000 (16 bytes)
1509056500.314193 sending message 105 to peer 0x7fb2d7001000 (57 bytes)
1509056500.314197 sending message 105 to peer 0x7fb2d7001000 (76 bytes)
1509056500.314201 sending message 105 to peer 0x7fb2d7001000 (28 bytes)
1509056500.314205 sending message 105 to peer 0x7fb2d7001000 (31 bytes)
1509056500.314209 sending message 105 to peer 0x7fb2d7001000 (60 bytes)
1509056500.314213 sending message 105 to peer 0x7fb2d7001000 (12 bytes)
1509056500.314216 sending message 105 to peer 0x7fb2d7001000 (44 bytes)
1509056500.314224 sending message 105 to peer 0x7fb2d7001000 (22 bytes)
1509056500.314228 sending message 105 to peer 0x7fb2d7001000 (66 bytes)
1509056500.314232 sending message 105 to peer 0x7fb2d7001000 (40 bytes)
1509056500.314236 sending message 105 to peer 0x7fb2d7001000 (46 bytes)
1509056500.314240 sending message 105 to peer 0x7fb2d7001000 (30 bytes)
1509056500.314244 sending message 105 to peer 0x7fb2d7001000 (239 bytes)
1509056500.314247 sending message 105 to peer 0x7fb2d7001000 (40 bytes)
1509056500.314251 sending message 105 to peer 0x7fb2d7001000 (10 bytes)
1509056500.314255 sending message 105 to peer 0x7fb2d7001000 (17 bytes)
1509056500.314259 sending message 105 to peer 0x7fb2d7001000 (22 bytes)
1509056500.314262 sending message 105 to peer 0x7fb2d7001000 (14 bytes)
1509056500.314266 sending message 105 to peer 0x7fb2d7001000 (13 bytes)
1509056500.314270 sending message 105 to peer 0x7fb2d7001000 (19 bytes)
1509056500.314274 sending message 105 to peer 0x7fb2d7001000 (8 bytes)
1509056500.314277 sending message 105 to peer 0x7fb2d7001000 (19 bytes)
1509056500.314281 sending message 105 to peer 0x7fb2d7001000 (14 bytes)
1509056500.314285 sending message 105 to peer 0x7fb2d7001000 (61 bytes)
1509056500.314289 sending message 105 to peer 0x7fb2d7001000 (15 bytes)
1509056500.314292 sending message 105 to peer 0x7fb2d7001000 (75 bytes)
1509056500.314296 sending message 105 to peer 0x7fb2d7001000 (24 bytes)
1509056500.314300 sending message 105 to peer 0x7fb2d7001000 (34 bytes)
1509056500.314303 sending message 105 to peer 0x7fb2d7001000 (17 bytes)
1509056500.314307 sending message 105 to peer 0x7fb2d7001000 (15 bytes)
1509056500.314311 sending message 106 to peer 0x7fb2d7001000 (0 bytes)
1509056500.314320 sending message 200 to peer 0x7fb2d7001000 (4 bytes)
1509056500.314324 client loop enter
1509056500.314590 peer 0x7fb2d7001000 message 211
1509056500.314613 peer 0x7fb2d7001000 message 203
1509056500.314618 client loop exit
